     1                                 %line 1+1 quiz1[real].asm
     2                                 
     3                                 
     4                                 
     5                                 
     6                                 
     7                                 
     8                                 
     9                                 
    10                                 
    11                                 [section .data]
    12 00000000 50C3                    num1 dw 50000
    13 00000002 3075                    num2 dw 30000
    14 00000004 60EA                    num3 dw 60000
    15 00000006 00000000                sum dd 0
    16 0000000A 0000000000000000        product dq 0
    17                                 
    18                                 [section .text]
    19                                 [global _start]
    20                                 _start:
    21                                 
    22 00000000 66BA0000                mov dx, 0
    23 00000004 668B0425[00000000]      mov ax, word[num1]
    24 0000000C 66030425[00000000]      add ax, word[num2]
    25 00000014 6683D200                adc dx, 0
    26 00000018 66890425[00000000]      mov word[sum], ax
    27 00000020 66891425[02000000]      mov word[sum+2], dx
    28                                 
    29                                 
    30 00000028 BA00000000              mov edx, 0
    31 0000002D 0FB70425[00000000]      movzx eax, word[num3]
    32 00000035 F72425[00000000]        mul dword[sum]
    33 0000003C 890425[00000000]        mov dword[product], eax
    34 00000043 891425[04000000]        mov dword[product+4], edx
    35                                 
    36 0000004A 48C7C03C000000          mov rax, 60
    37 00000051 48C7C700000000          mov rdi, 0
    38 00000058 0F05                    syscall
